<?xml version="1.0" encoding="UTF-8"?>
<testng-results skipped="0" failed="0" total="2" passed="2">
  <reporter-output>
  </reporter-output>
  <suite name="Default suite" duration-ms="49417" started-at="2016-02-29T17:12:45Z" finished-at="2016-02-29T17:13:34Z">
    <groups>
    </groups>
    <test name="Default test" duration-ms="49417" started-at="2016-02-29T17:12:45Z" finished-at="2016-02-29T17:13:34Z">
      <class name="tests.EToETranscationFlow">
        <test-method status="PASS" signature="setupAndLoginTest()[pri:0, instance:tests.EToETranscationFlow@3cb5cdba]" name="setupAndLoginTest" duration-ms="20753" started-at="2016-02-29T10:12:45Z" finished-at="2016-02-29T10:13:06Z">
          <reporter-output>
          </reporter-output>
        </test-method> <!-- setupAndLoginTest -->
        <test-method status="PASS" signature="transactionFlowTest()[pri:0, instance:tests.EToETranscationFlow@3cb5cdba]" name="transactionFlowTest" duration-ms="28646" started-at="2016-02-29T10:13:06Z" finished-at="2016-02-29T10:13:34Z">
          <reporter-output>
          </reporter-output>
        </test-method> <!-- transactionFlowTest -->
      </class> <!-- tests.EToETranscationFlow -->
    </test> <!-- Default test -->
  </suite> <!-- Default suite -->
</testng-results>
